<?xml version="1.0" encoding="UTF-8" ?>
<testsuite tests="38" failures="0" name="com.datasalt.pangool.tuplemr.TestConfigBuilder" time="2.311" errors="0" skipped="1">
  <properties>
    <property name="java.runtime.name" value="Java(TM) SE Runtime Environment"/>
    <property name="sun.boot.library.path" value="/usr/lib/jvm/java-8-oracle/jre/lib/amd64"/>
    <property name="java.vm.version" value="25.25-b02"/>
    <property name="java.vm.vendor" value="Oracle Corporation"/>
    <property name="java.vendor.url" value="http://java.oracle.com/"/>
    <property name="path.separator" value=":"/>
    <property name="guice.disable.misplaced.annotation.check" value="true"/>
    <property name="java.vm.name" value="Java HotSpot(TM) 64-Bit Server VM"/>
    <property name="file.encoding.pkg" value="sun.io"/>
    <property name="user.country" value="US"/>
    <property name="sun.java.launcher" value="SUN_STANDARD"/>
    <property name="sun.os.patch.level" value="unknown"/>
    <property name="java.vm.specification.name" value="Java Virtual Machine Specification"/>
    <property name="user.dir" value="/home/hansondg/workspace/ngrams/pangool"/>
    <property name="java.runtime.version" value="1.8.0_25-b17"/>
    <property name="java.awt.graphicsenv" value="sun.awt.X11GraphicsEnvironment"/>
    <property name="java.endorsed.dirs" value="/usr/lib/jvm/java-8-oracle/jre/lib/endorsed"/>
    <property name="os.arch" value="amd64"/>
    <property name="java.io.tmpdir" value="/tmp"/>
    <property name="line.separator" value="
"/>
    <property name="java.vm.specification.vendor" value="Oracle Corporation"/>
    <property name="os.name" value="Linux"/>
    <property name="classworlds.conf" value="/home/hansondg/workspace/.metadata/.plugins/org.eclipse.m2e.launching/launches/m2conf7383989334993033639.tmp"/>
    <property name="sun.jnu.encoding" value="UTF-8"/>
    <property name="java.library.path" value="/usr/java/packages/lib/amd64:/usr/lib64:/lib64:/lib:/usr/lib"/>
    <property name="java.specification.name" value="Java Platform API Specification"/>
    <property name="java.class.version" value="52.0"/>
    <property name="sun.management.compiler" value="HotSpot 64-Bit Tiered Compilers"/>
    <property name="os.version" value="3.13.0-24-generic"/>
    <property name="user.home" value="/home/hansondg"/>
    <property name="user.timezone" value="America/Indiana/Indianapolis"/>
    <property name="java.awt.printerjob" value="sun.print.PSPrinterJob"/>
    <property name="file.encoding" value="UTF-8"/>
    <property name="java.specification.version" value="1.8"/>
    <property name="user.name" value="hansondg"/>
    <property name="java.class.path" value="/opt/eclipse/plugins/org.eclipse.m2e.maven.runtime_1.5.0.20140605-2032/jars/plexus-classworlds-2.5.1.jar"/>
    <property name="org.slf4j.simpleLogger.defaultLogLevel" value="info"/>
    <property name="java.vm.specification.version" value="1.8"/>
    <property name="sun.arch.data.model" value="64"/>
    <property name="java.home" value="/usr/lib/jvm/java-8-oracle/jre"/>
    <property name="sun.java.command" value="org.codehaus.plexus.classworlds.launcher.Launcher -B install"/>
    <property name="java.specification.vendor" value="Oracle Corporation"/>
    <property name="user.language" value="en"/>
    <property name="awt.toolkit" value="sun.awt.X11.XToolkit"/>
    <property name="java.vm.info" value="mixed mode"/>
    <property name="java.version" value="1.8.0_25"/>
    <property name="java.ext.dirs" value="/usr/lib/jvm/java-8-oracle/jre/lib/ext:/usr/java/packages/lib/ext"/>
    <property name="securerandom.source" value="file:/dev/./urandom"/>
    <property name="sun.boot.class.path" value="/usr/lib/jvm/java-8-oracle/jre/lib/resources.jar:/usr/lib/jvm/java-8-oracle/jre/lib/rt.jar:/usr/lib/jvm/java-8-oracle/jre/lib/sunrsasign.jar:/usr/lib/jvm/java-8-oracle/jre/lib/jsse.jar:/usr/lib/jvm/java-8-oracle/jre/lib/jce.jar:/usr/lib/jvm/java-8-oracle/jre/lib/charsets.jar:/usr/lib/jvm/java-8-oracle/jre/lib/jfr.jar:/usr/lib/jvm/java-8-oracle/jre/classes"/>
    <property name="java.vendor" value="Oracle Corporation"/>
    <property name="maven.home" value="/home/hansondg/workspace/ngrams/pangool/EMBEDDED"/>
    <property name="file.separator" value="/"/>
    <property name="java.vendor.url.bug" value="http://bugreport.sun.com/bugreport/"/>
    <property name="sun.cpu.endian" value="little"/>
    <property name="sun.io.unicode.encoding" value="UnicodeLittle"/>
    <property name="sun.desktop" value="gnome"/>
    <property name="sun.cpu.isalist" value=""/>
  </properties>
  <testcase classname="com.datasalt.pangool.tuplemr.TestConfigBuilder" name="testGroupByFieldWithDifferentTypes" time="1.612"/>
  <testcase classname="com.datasalt.pangool.tuplemr.TestConfigBuilder" name="testGroupByObjectDifferentSerialization" time="0.026"/>
  <testcase classname="com.datasalt.pangool.tuplemr.TestConfigBuilder" name="testGroupByObjectSameSerialization" time="0.024"/>
  <testcase classname="com.datasalt.pangool.tuplemr.TestConfigBuilder" name="testRepeatedSchemas" time="0.021"/>
  <testcase classname="com.datasalt.pangool.tuplemr.TestConfigBuilder" name="testGroupByInvalidField" time="0.024"/>
  <testcase classname="com.datasalt.pangool.tuplemr.TestConfigBuilder" name="testCommonOrderPrefixGroupBy" time="0.039"/>
  <testcase classname="com.datasalt.pangool.tuplemr.TestConfigBuilder" name="testCommonOrderPrefixGroupBy2" time="0.04"/>
  <testcase classname="com.datasalt.pangool.tuplemr.TestConfigBuilder" name="testNotRepeatedFieldsInSortBy" time="0.019"/>
  <testcase classname="com.datasalt.pangool.tuplemr.TestConfigBuilder" name="testNotRepeatedSourceOrderInSortBy" time="0.017"/>
  <testcase classname="com.datasalt.pangool.tuplemr.TestConfigBuilder" name="testNotAllowedSourceOrderInOneSource" time="0.018"/>
  <testcase classname="com.datasalt.pangool.tuplemr.TestConfigBuilder" name="testNotAllowedSourceOrderInSecondaryOrder" time="0.013"/>
  <testcase classname="com.datasalt.pangool.tuplemr.TestConfigBuilder" name="testSecondaryOrderExistingSource" time="0.019"/>
  <testcase classname="com.datasalt.pangool.tuplemr.TestConfigBuilder" name="testSecondaryOrderNotNull" time="0.018"/>
  <testcase classname="com.datasalt.pangool.tuplemr.TestConfigBuilder" name="testSecondaryOrderNotEmpty" time="0.018"/>
  <testcase classname="com.datasalt.pangool.tuplemr.TestConfigBuilder" name="testCommonOrderNotNull" time="0.026"/>
  <testcase classname="com.datasalt.pangool.tuplemr.TestConfigBuilder" name="testCommonOrderNotEmpty" time="0.027"/>
  <testcase classname="com.datasalt.pangool.tuplemr.TestConfigBuilder" name="testFieldsRepeatedInCommonAndSecondaryOrder" time="0.017"/>
  <testcase classname="com.datasalt.pangool.tuplemr.TestConfigBuilder" name="testNeedToDeclareCommonOrderWhenSecondary" time="0.02"/>
  <testcase classname="com.datasalt.pangool.tuplemr.TestConfigBuilder" name="testSourceOrderPresentInCommonWhenSecondarySet" time="0.018"/>
  <testcase classname="com.datasalt.pangool.tuplemr.TestConfigBuilder" name="testRollUpCantBeNull" time="0.02"/>
  <testcase classname="com.datasalt.pangool.tuplemr.TestConfigBuilder" name="testRollupPrefixGroupBy" time="0.017"/>
  <testcase classname="com.datasalt.pangool.tuplemr.TestConfigBuilder" name="testRollupNeedsExplicitSortBy" time="0.015"/>
  <testcase classname="com.datasalt.pangool.tuplemr.TestConfigBuilder" name="testSpecificSortingNotAllowedWithOneSource" time="0.015"/>
  <testcase classname="com.datasalt.pangool.tuplemr.TestConfigBuilder" name="testCustomPartitionFieldsNotEmpty" time="0.014"/>
  <testcase classname="com.datasalt.pangool.tuplemr.TestConfigBuilder" name="testCustomPartitionFieldsNotNull" time="0.016"/>
  <testcase classname="com.datasalt.pangool.tuplemr.TestConfigBuilder" name="testCustomPartitionFieldsPresentInAllSources" time="0.015"/>
  <testcase classname="com.datasalt.pangool.tuplemr.TestConfigBuilder" name="testCustomPartitionFieldsPresentWithSameType" time="0.015"/>
  <testcase classname="com.datasalt.pangool.tuplemr.TestConfigBuilder" name="testCustomPartition" time="0.02"/>
  <testcase classname="com.datasalt.pangool.tuplemr.TestConfigBuilder" name="testNotMutableConfig" time="0.021">
    <skipped/>
  </testcase>
  <testcase classname="com.datasalt.pangool.tuplemr.TestConfigBuilder" name="testCommonOrderGeneratedImplicitlyFromGroupFields" time="0.015"/>
  <testcase classname="com.datasalt.pangool.tuplemr.TestConfigBuilder" name="testCorrect2" time="0.015"/>
  <testcase classname="com.datasalt.pangool.tuplemr.TestConfigBuilder" name="testCommonSortByToCriteria" time="0.014"/>
  <testcase classname="com.datasalt.pangool.tuplemr.TestConfigBuilder" name="testAliases1" time="0.015"/>
  <testcase classname="com.datasalt.pangool.tuplemr.TestConfigBuilder" name="testRepeatedAliases" time="0.014"/>
  <testcase classname="com.datasalt.pangool.tuplemr.TestConfigBuilder" name="testAliasesUnknownSchema" time="0.013"/>
  <testcase classname="com.datasalt.pangool.tuplemr.TestConfigBuilder" name="testSortFieldWithDifferentTypes1" time="0.01"/>
  <testcase classname="com.datasalt.pangool.tuplemr.TestConfigBuilder" name="testSortFieldWithDifferentTypes2" time="0.013"/>
  <testcase classname="com.datasalt.pangool.tuplemr.TestConfigBuilder" name="testCorrectMinimal" time="0.018"/>
</testsuite>